<?xml version="1.0" encoding="UTF-8"?>
<testng-results skipped="0" failed="0" ignored="0" total="4" passed="4">
  <reporter-output>
  </reporter-output>
  <suite name="Suite" duration-ms="61" started-at="2020-02-04T13:17:39 AEDT" finished-at="2020-02-04T13:17:39 AEDT">
    <groups>
    </groups>
    <test name="Test" duration-ms="61" started-at="2020-02-04T13:17:39 AEDT" finished-at="2020-02-04T13:17:39 AEDT">
      <class name="qaclickacademy.AppiumTest">
        <test-method status="PASS" signature="IOSApps()[pri:0, instance:qaclickacademy.AppiumTest@55d56113]" name="IOSApps" duration-ms="6" started-at="2020-02-04T13:17:39 AEDT" finished-at="2020-02-04T13:17:39 AEDT">
          <reporter-output>
          </reporter-output>
        </test-method> <!-- IOSApps -->
        <test-method status="PASS" signature="NativeAPpAndroid()[pri:0, instance:qaclickacademy.AppiumTest@55d56113]" name="NativeAPpAndroid" duration-ms="1" started-at="2020-02-04T13:17:39 AEDT" finished-at="2020-02-04T13:17:39 AEDT">
          <reporter-output>
          </reporter-output>
        </test-method> <!-- NativeAPpAndroid -->
      </class> <!-- qaclickacademy.AppiumTest -->
      <class name="qaclickacademy.SeleniumTest">
        <test-method status="PASS" signature="BrowserAUtomation()[pri:0, instance:qaclickacademy.SeleniumTest@148080bb]" name="BrowserAUtomation" duration-ms="1" started-at="2020-02-04T13:17:39 AEDT" finished-at="2020-02-04T13:17:39 AEDT">
          <reporter-output>
          </reporter-output>
        </test-method> <!-- BrowserAUtomation -->
        <test-method status="PASS" signature="elementsUi()[pri:0, instance:qaclickacademy.SeleniumTest@148080bb]" name="elementsUi" duration-ms="0" started-at="2020-02-04T13:17:39 AEDT" finished-at="2020-02-04T13:17:39 AEDT">
          <reporter-output>
          </reporter-output>
        </test-method> <!-- elementsUi -->
      </class> <!-- qaclickacademy.SeleniumTest -->
    </test> <!-- Test -->
  </suite> <!-- Suite -->
</testng-results>
